[debug] [2020-09-26T14:33:40.036Z] ----------------------------------------------------------------------
[debug] [2020-09-26T14:33:40.038Z] Command:       /Users/andrewyoung/.nvm/versions/node/v10.10.0/bin/node /usr/local/bin/firebase functions:shell
[debug] [2020-09-26T14:33:40.038Z] CLI Version:   8.10.0
[debug] [2020-09-26T14:33:40.038Z] Platform:      darwin
[debug] [2020-09-26T14:33:40.038Z] Node Version:  v10.10.0
[debug] [2020-09-26T14:33:40.039Z] Time:          Sat Sep 26 2020 09:33:40 GMT-0500 (Central Daylight Time)
[debug] [2020-09-26T14:33:40.039Z] ----------------------------------------------------------------------
[debug] [2020-09-26T14:33:40.039Z] 
[debug] [2020-09-26T14:33:40.045Z] > command requires scopes: ["email","openid","https://www.googleapis.com/auth/cloudplatformprojects.readonly","https://www.googleapis.com/auth/firebase","https://www.googleapis.com/auth/cloud-platform"]
[debug] [2020-09-26T14:33:40.045Z] > authorizing via signed-in user
[debug] [2020-09-26T14:33:40.045Z] [iam] checking project escverif for permissions ["firebase.projects.get"]
[debug] [2020-09-26T14:33:40.047Z] >>> HTTP REQUEST POST https://cloudresourcemanager.googleapis.com/v1/projects/escverif:testIamPermissions  
 {"permissions":["firebase.projects.get"]}
[debug] [2020-09-26T14:33:40.416Z] <<< HTTP RESPONSE 200 {"content-type":"application/json; charset=UTF-8","vary":"X-Origin, Referer, Origin,Accept-Encoding","date":"Sat, 26 Sep 2020 14:33:40 GMT","server":"ESF","cache-control":"private","x-xss-protection":"0","x-frame-options":"SAMEORIGIN","x-content-type-options":"nosniff","server-timing":"gfet4t7; dur=101","alt-svc":"h3-Q050=\":443\"; ma=2592000,h3-29=\":443\"; ma=2592000,h3-27=\":443\"; ma=2592000,h3-T051=\":443\"; ma=2592000,h3-T050=\":443\"; ma=2592000,h3-Q046=\":443\"; ma=2592000,h3-Q043=\":443\"; ma=2592000,quic=\":443\"; ma=2592000; v=\"46,43\"","accept-ranges":"none","transfer-encoding":"chunked"}
[debug] [2020-09-26T14:33:40.425Z] [functions] Using node@10 from host.
[debug] [2020-09-26T14:33:40.426Z] defaultcredentials: writing to file /Users/andrewyoung/.config/firebase/andrewtateyoung_gmail_com_application_default_credentials.json
[debug] [2020-09-26T14:33:40.427Z] DEBUG: Setting GAC to /Users/andrewyoung/.config/firebase/andrewtateyoung_gmail_com_application_default_credentials.json
[debug] [2020-09-26T14:33:40.433Z] [functions] Watching "/Users/andrewyoung/escortverif/functions" for Cloud Functions...
[debug] [2020-09-26T14:33:40.440Z] DEBUG: [worker-pool] addWorker(~diagnostic~)
[debug] [2020-09-26T14:33:40.440Z] DEBUG: [worker-pool] Adding worker with key ~diagnostic~, total=1
[debug] [2020-09-26T14:33:40.440Z] DEBUG: [worker-pool] submitWork(triggerId=)
[debug] [2020-09-26T14:33:40.441Z] DEBUG: [worker-~diagnostic~-bff3059a-f3a0-4dc4-bc41-14a3af7920c6]: Assigning socketPath: /var/folders/_0/g68g3n0d28vck1btdhvstc1w0000gn/T/fire_emu_1894.sock
[debug] [2020-09-26T14:33:40.441Z] DEBUG: [worker-~diagnostic~-bff3059a-f3a0-4dc4-bc41-14a3af7920c6]: BUSY
[debug] [2020-09-26T14:33:40.700Z] DEBUG: [runtime-status] [1894] Functions runtime initialized. {"cwd":"/Users/andrewyoung/escortverif/functions","node_version":"10.10.0"}
[debug] [2020-09-26T14:33:40.701Z] DEBUG: [runtime-status] [1894] Disabled runtime features: undefined
[debug] [2020-09-26T14:33:40.703Z] DEBUG: [runtime-status] [1894] Resolved module firebase-admin {"declared":true,"installed":true,"version":"9.2.0","resolution":"/Users/andrewyoung/escortverif/functions/node_modules/firebase-admin/lib/index.js"}
[debug] [2020-09-26T14:33:40.704Z] DEBUG: [runtime-status] [1894] Resolved module firebase-functions {"declared":true,"installed":true,"version":"3.11.0","resolution":"/Users/andrewyoung/escortverif/functions/node_modules/firebase-functions/lib/index.js"}
[debug] [2020-09-26T14:33:40.705Z] DEBUG: [runtime-status] [1894] Resolved module firebase-functions {"declared":true,"installed":true,"version":"3.11.0","resolution":"/Users/andrewyoung/escortverif/functions/node_modules/firebase-functions/lib/index.js"}
[debug] [2020-09-26T14:33:40.708Z] DEBUG: [runtime-status] [1894] Outgoing network have been stubbed. [{"name":"http","status":"mocked"},{"name":"http","status":"mocked"},{"name":"https","status":"mocked"},{"name":"https","status":"mocked"},{"name":"net","status":"mocked"}]
[debug] [2020-09-26T14:33:40.708Z] DEBUG: [runtime-status] [1894] Resolved module firebase-functions {"declared":true,"installed":true,"version":"3.11.0","resolution":"/Users/andrewyoung/escortverif/functions/node_modules/firebase-functions/lib/index.js"}
[debug] [2020-09-26T14:33:40.739Z] DEBUG: [runtime-status] [1894] Checked functions.config() {"config":{}}
[debug] [2020-09-26T14:33:40.739Z] DEBUG: [runtime-status] [1894] firebase-functions has been stubbed. {"functionsResolution":{"declared":true,"installed":true,"version":"3.11.0","resolution":"/Users/andrewyoung/escortverif/functions/node_modules/firebase-functions/lib/index.js"}}
[debug] [2020-09-26T14:33:40.740Z] DEBUG: [runtime-status] [1894] Resolved module firebase-functions {"declared":true,"installed":true,"version":"3.11.0","resolution":"/Users/andrewyoung/escortverif/functions/node_modules/firebase-functions/lib/index.js"}
[debug] [2020-09-26T14:33:40.740Z] DEBUG: [runtime-status] [1894] Resolved module firebase-admin {"declared":true,"installed":true,"version":"9.2.0","resolution":"/Users/andrewyoung/escortverif/functions/node_modules/firebase-admin/lib/index.js"}
[debug] [2020-09-26T14:33:40.740Z] DEBUG: [runtime-status] [1894] Resolved module firebase-functions {"declared":true,"installed":true,"version":"3.11.0","resolution":"/Users/andrewyoung/escortverif/functions/node_modules/firebase-functions/lib/index.js"}
[debug] [2020-09-26T14:33:40.740Z] DEBUG: [runtime-status] [1894] firebase-admin has been stubbed. {"adminResolution":{"declared":true,"installed":true,"version":"9.2.0","resolution":"/Users/andrewyoung/escortverif/functions/node_modules/firebase-admin/lib/index.js"}}
[info] >  YIO{{{{{ {"user":"YIO{{{{{","metadata":{"emulator":{"name":"functions"},"message":"\u001b[90m> \u001b[39m YIO{{{{{"}}
[debug] [2020-09-26T14:33:40.847Z] DEBUG: [runtime-status] [1894] initializeApp(DEFAULT) {"credential":{"implicit":false,"projectId":"escverif","privateKey":"-----BEGIN PRIVATE KEY-----\nMIIEvwIBADANBgkqhkiG9w0BAQEFAASCBKkwggSlAgEAAoIBAQDKn8vE9hXjyWTx\npW8kqgkKhAAevxdiQaw0947d/pR26PHSkyZoDL8EauHba3ki3xrcf9mURR7BWY6Z\nEwvRx7jxFbMYJMh1IcOJAJGMeOA0k+Jp3p4U4BRjKgnu7vkL8RN4cHezNVonFfKs\nwmVVz5+CUWEO4mbgM7X9SWyn1aisT5dH9VLSTzWAAuMU9UPaNSQPQjmCXb7d//99\npak7YYcRdJT5Z8CRYBnNRspecHm9OjKEE5PENygdgsIm70CGY4x7tx3C5WdC6qQr\nN+b5Qu5jXnlChOahWk3qmMIvgdrCeZNV2+GWpXR9acHu+3C+o2XSysYqz+DA8aAp\nC1JRFFV9AgMBAAECggEAJd/vRLKUHmdNk17PUuzmsjzA0f55tj/c2uzAW44j/cMm\nuqwPVIk3ZnG9JJjnBIXsHTXXu5+c81rUbRgSkESzNPtPpg5wGvbz+CavTjDlBebz\nvkLizTeij/OydiNc0abfMxbgxRKOtrojSbgvnXXpFMC18gSPYs6/sKf6I7gsJoMH\n5Vyli4qKE45CaUrPT1Ps54y9fN6YZqSzcijZpo+PTSRH2ehOskR82kCnkEtMCMBq\nE9Wt5CffNze6Giec8MtrzVga+E0FM8G7sJg7M0SOOfyJo0X6YEwManIlaxCDAgki\n8W8a3fYfbQRqoIT7WakPvZTQnzO++hAwHC5u4vkSCQKBgQDtjbzakjJ1WBBYkhwN\nLNIxmtc3XEB3FBte6O8cVrYoMuGPktsjXb4pFMIMul8R08zL0n/DM2ADNCg6mg4X\nBu6oQ2AgARsv5Zy5vwjUXfXB4tSTrgmuRsGCnlLhirmH/5jplVD3t1RVQ1dcikcn\njRFGSxDJApcK8vk15Ede9JJf9QKBgQDaW7STr1p0DkHhFVM7bbj028YwUy2che1M\nQc5vWz+BcLApsMDLBJlNSV6fTydeGXNxsOXpQnlxPOc10TsaZBFsJH00zZTgEICG\ngoZltf94wZ5WU34oiLAcgCpbucqNdh+HTmjlg4j+b4lIyo0jGYUDFJckqzSNe3FM\nafuoJITSaQKBgQCt/nzvEtoGfOQsG4iUVdn3H1S3ZciJ755EnBRXC2QMeYgg4w3D\nD6xy5pNjQzbTFfEQ8TNHRF/0uMUmdyQO1bMEZ6UGjAjfwixTGItdER0qT/wn1vec\nQJMIGvLV5AgUhq/3lrhhWFRaxyI708ReQcL/W4gF0vHSwTirsnJcKIL16QKBgQC0\nxnFkRytao6cU4mPK8pbKWNzmiyZazGHd3Sk79c5IqnOdwFCMg10rqA9nUs+jzuxN\ndoeRKtCB2EsOug71VV07K6ZgvcaADglp0svTju5XGeytSWhLxIYQwmbPE6zGmsGV\ncmvTf6c+BjchBVf9dBYzq6tJ11elvknZWnDXDozL6QKBgQCAc3PDUdMxkic7lVJB\nZi3gJ49GX65YsqDVVTbYVodutnLlRsSuHc5TVEUIOtbhDqT4uS4EudNNvJZjYs2e\nlesGOvNbGXmM9QzkPVRV+HIvK30QjC+BafBG6uLl9RkjOyaAfF9HQ5SFelVfMuOS\niJy3KGBFo0O8Kp3NSu1zrzsFPw==\n-----END PRIVATE KEY-----\n","clientEmail":"firebase-adminsdk-4za13@escverif.iam.gserviceaccount.com","httpClient":{"retry":{"maxRetries":4,"statusCodes":[503],"ioErrorCodes":["ECONNRESET","ETIMEDOUT"],"backOffFactor":0.5,"maxDelayInMillis":60000}}},"databaseURL":"https://escverif.firebaseio.com"}
[debug] [2020-09-26T14:33:40.850Z] [functions[test]] http function initialized (http://localhost:5000/escverif/us-central1/test).
[info] i  functions: Loaded functions: test 
[warn] ⚠  functions: The following emulators are not running, calls to these services will affect production: firestore, database, pubsub 
[debug] [2020-09-26T14:33:40.855Z] DEBUG: [worker-~diagnostic~-bff3059a-f3a0-4dc4-bc41-14a3af7920c6]: IDLE
[info] >  Node server listening on port 4242! {"user":"Node server listening on port 4242!","metadata":{"emulator":{"name":"functions"},"message":"\u001b[90m> \u001b[39m Node server listening on port 4242!"}}
[debug] [2020-09-26T15:46:51.794Z] DEBUG: File /Users/andrewyoung/escortverif/functions/index.js changed, reloading triggers
[debug] [2020-09-26T15:46:52.796Z] DEBUG: [worker-pool] Shutting down IDLE worker (~diagnostic~)
[debug] [2020-09-26T15:46:52.796Z] DEBUG: [worker-~diagnostic~-bff3059a-f3a0-4dc4-bc41-14a3af7920c6]: FINISHING
[debug] [2020-09-26T15:46:52.802Z] DEBUG: [worker-pool] addWorker(~diagnostic~)
[debug] [2020-09-26T15:46:52.803Z] DEBUG: [worker-pool] Adding worker with key ~diagnostic~, total=2
[debug] [2020-09-26T15:46:52.803Z] DEBUG: [worker-pool] submitWork(triggerId=)
[debug] [2020-09-26T15:46:52.803Z] DEBUG: [worker-~diagnostic~-18bb7db6-9b3b-4fe2-aea7-fc935acfd38c]: Assigning socketPath: /var/folders/_0/g68g3n0d28vck1btdhvstc1w0000gn/T/fire_emu_2965.sock
[debug] [2020-09-26T15:46:52.803Z] DEBUG: [worker-~diagnostic~-18bb7db6-9b3b-4fe2-aea7-fc935acfd38c]: BUSY
[debug] [2020-09-26T15:46:52.805Z] DEBUG: [worker-~diagnostic~-bff3059a-f3a0-4dc4-bc41-14a3af7920c6]: exited
[debug] [2020-09-26T15:46:52.805Z] DEBUG: [worker-~diagnostic~-bff3059a-f3a0-4dc4-bc41-14a3af7920c6]: FINISHED
[debug] [2020-09-26T15:46:53.279Z] DEBUG: [runtime-status] [2965] Functions runtime initialized. {"cwd":"/Users/andrewyoung/escortverif/functions","node_version":"10.10.0"}
[debug] [2020-09-26T15:46:53.281Z] DEBUG: [runtime-status] [2965] Disabled runtime features: undefined
[debug] [2020-09-26T15:46:53.283Z] DEBUG: [runtime-status] [2965] Resolved module firebase-admin {"declared":true,"installed":true,"version":"9.2.0","resolution":"/Users/andrewyoung/escortverif/functions/node_modules/firebase-admin/lib/index.js"}
[debug] [2020-09-26T15:46:53.285Z] DEBUG: [runtime-status] [2965] Resolved module firebase-functions {"declared":true,"installed":true,"version":"3.11.0","resolution":"/Users/andrewyoung/escortverif/functions/node_modules/firebase-functions/lib/index.js"}
[debug] [2020-09-26T15:46:53.285Z] DEBUG: [runtime-status] [2965] Resolved module firebase-functions {"declared":true,"installed":true,"version":"3.11.0","resolution":"/Users/andrewyoung/escortverif/functions/node_modules/firebase-functions/lib/index.js"}
[debug] [2020-09-26T15:46:53.288Z] DEBUG: [runtime-status] [2965] Outgoing network have been stubbed. [{"name":"http","status":"mocked"},{"name":"http","status":"mocked"},{"name":"https","status":"mocked"},{"name":"https","status":"mocked"},{"name":"net","status":"mocked"}]
[debug] [2020-09-26T15:46:53.289Z] DEBUG: [runtime-status] [2965] Resolved module firebase-functions {"declared":true,"installed":true,"version":"3.11.0","resolution":"/Users/andrewyoung/escortverif/functions/node_modules/firebase-functions/lib/index.js"}
[debug] [2020-09-26T15:46:53.335Z] DEBUG: [runtime-status] [2965] Checked functions.config() {"config":{}}
[debug] [2020-09-26T15:46:53.335Z] DEBUG: [runtime-status] [2965] firebase-functions has been stubbed. {"functionsResolution":{"declared":true,"installed":true,"version":"3.11.0","resolution":"/Users/andrewyoung/escortverif/functions/node_modules/firebase-functions/lib/index.js"}}
[debug] [2020-09-26T15:46:53.335Z] DEBUG: [runtime-status] [2965] Resolved module firebase-functions {"declared":true,"installed":true,"version":"3.11.0","resolution":"/Users/andrewyoung/escortverif/functions/node_modules/firebase-functions/lib/index.js"}
[debug] [2020-09-26T15:46:53.336Z] DEBUG: [runtime-status] [2965] Resolved module firebase-admin {"declared":true,"installed":true,"version":"9.2.0","resolution":"/Users/andrewyoung/escortverif/functions/node_modules/firebase-admin/lib/index.js"}
[debug] [2020-09-26T15:46:53.336Z] DEBUG: [runtime-status] [2965] Resolved module firebase-functions {"declared":true,"installed":true,"version":"3.11.0","resolution":"/Users/andrewyoung/escortverif/functions/node_modules/firebase-functions/lib/index.js"}
[debug] [2020-09-26T15:46:53.337Z] DEBUG: [runtime-status] [2965] firebase-admin has been stubbed. {"adminResolution":{"declared":true,"installed":true,"version":"9.2.0","resolution":"/Users/andrewyoung/escortverif/functions/node_modules/firebase-admin/lib/index.js"}}
[info] >  YIO{{{{{ {"user":"YIO{{{{{","metadata":{"emulator":{"name":"functions"},"message":"\u001b[90m> \u001b[39m YIO{{{{{"}}
[debug] [2020-09-26T15:46:53.499Z] DEBUG: [runtime-status] [2965] initializeApp(DEFAULT) {"credential":{"implicit":false,"projectId":"escverif","privateKey":"-----BEGIN PRIVATE KEY-----\nMIIEvwIBADANBgkqhkiG9w0BAQEFAASCBKkwggSlAgEAAoIBAQDKn8vE9hXjyWTx\npW8kqgkKhAAevxdiQaw0947d/pR26PHSkyZoDL8EauHba3ki3xrcf9mURR7BWY6Z\nEwvRx7jxFbMYJMh1IcOJAJGMeOA0k+Jp3p4U4BRjKgnu7vkL8RN4cHezNVonFfKs\nwmVVz5+CUWEO4mbgM7X9SWyn1aisT5dH9VLSTzWAAuMU9UPaNSQPQjmCXb7d//99\npak7YYcRdJT5Z8CRYBnNRspecHm9OjKEE5PENygdgsIm70CGY4x7tx3C5WdC6qQr\nN+b5Qu5jXnlChOahWk3qmMIvgdrCeZNV2+GWpXR9acHu+3C+o2XSysYqz+DA8aAp\nC1JRFFV9AgMBAAECggEAJd/vRLKUHmdNk17PUuzmsjzA0f55tj/c2uzAW44j/cMm\nuqwPVIk3ZnG9JJjnBIXsHTXXu5+c81rUbRgSkESzNPtPpg5wGvbz+CavTjDlBebz\nvkLizTeij/OydiNc0abfMxbgxRKOtrojSbgvnXXpFMC18gSPYs6/sKf6I7gsJoMH\n5Vyli4qKE45CaUrPT1Ps54y9fN6YZqSzcijZpo+PTSRH2ehOskR82kCnkEtMCMBq\nE9Wt5CffNze6Giec8MtrzVga+E0FM8G7sJg7M0SOOfyJo0X6YEwManIlaxCDAgki\n8W8a3fYfbQRqoIT7WakPvZTQnzO++hAwHC5u4vkSCQKBgQDtjbzakjJ1WBBYkhwN\nLNIxmtc3XEB3FBte6O8cVrYoMuGPktsjXb4pFMIMul8R08zL0n/DM2ADNCg6mg4X\nBu6oQ2AgARsv5Zy5vwjUXfXB4tSTrgmuRsGCnlLhirmH/5jplVD3t1RVQ1dcikcn\njRFGSxDJApcK8vk15Ede9JJf9QKBgQDaW7STr1p0DkHhFVM7bbj028YwUy2che1M\nQc5vWz+BcLApsMDLBJlNSV6fTydeGXNxsOXpQnlxPOc10TsaZBFsJH00zZTgEICG\ngoZltf94wZ5WU34oiLAcgCpbucqNdh+HTmjlg4j+b4lIyo0jGYUDFJckqzSNe3FM\nafuoJITSaQKBgQCt/nzvEtoGfOQsG4iUVdn3H1S3ZciJ755EnBRXC2QMeYgg4w3D\nD6xy5pNjQzbTFfEQ8TNHRF/0uMUmdyQO1bMEZ6UGjAjfwixTGItdER0qT/wn1vec\nQJMIGvLV5AgUhq/3lrhhWFRaxyI708ReQcL/W4gF0vHSwTirsnJcKIL16QKBgQC0\nxnFkRytao6cU4mPK8pbKWNzmiyZazGHd3Sk79c5IqnOdwFCMg10rqA9nUs+jzuxN\ndoeRKtCB2EsOug71VV07K6ZgvcaADglp0svTju5XGeytSWhLxIYQwmbPE6zGmsGV\ncmvTf6c+BjchBVf9dBYzq6tJ11elvknZWnDXDozL6QKBgQCAc3PDUdMxkic7lVJB\nZi3gJ49GX65YsqDVVTbYVodutnLlRsSuHc5TVEUIOtbhDqT4uS4EudNNvJZjYs2e\nlesGOvNbGXmM9QzkPVRV+HIvK30QjC+BafBG6uLl9RkjOyaAfF9HQ5SFelVfMuOS\niJy3KGBFo0O8Kp3NSu1zrzsFPw==\n-----END PRIVATE KEY-----\n","clientEmail":"firebase-adminsdk-4za13@escverif.iam.gserviceaccount.com","httpClient":{"retry":{"maxRetries":4,"statusCodes":[503],"ioErrorCodes":["ECONNRESET","ETIMEDOUT"],"backOffFactor":0.5,"maxDelayInMillis":60000}}},"databaseURL":"https://escverif.firebaseio.com"}
[debug] [2020-09-26T15:46:53.504Z] [functions[removeData]] function ignored because the pubsub emulator does not exist or is not running.
[debug] [2020-09-26T15:46:53.504Z] DEBUG: [worker-~diagnostic~-18bb7db6-9b3b-4fe2-aea7-fc935acfd38c]: IDLE
[info] >  Node server listening on port 4242! {"user":"Node server listening on port 4242!","metadata":{"emulator":{"name":"functions"},"message":"\u001b[90m> \u001b[39m Node server listening on port 4242!"}}
[debug] [2020-09-26T16:25:46.427Z] ----------------------------------------------------------------------
[debug] [2020-09-26T16:25:46.429Z] Command:       /Users/andrewyoung/.nvm/versions/node/v10.10.0/bin/node /usr/local/bin/firebase functions:shell
[debug] [2020-09-26T16:25:46.429Z] CLI Version:   8.10.0
[debug] [2020-09-26T16:25:46.429Z] Platform:      darwin
[debug] [2020-09-26T16:25:46.429Z] Node Version:  v10.10.0
[debug] [2020-09-26T16:25:46.430Z] Time:          Sat Sep 26 2020 11:25:46 GMT-0500 (Central Daylight Time)
[debug] [2020-09-26T16:25:46.430Z] ----------------------------------------------------------------------
[debug] [2020-09-26T16:25:46.430Z] 
[debug] [2020-09-26T16:25:46.437Z] > command requires scopes: ["email","openid","https://www.googleapis.com/auth/cloudplatformprojects.readonly","https://www.googleapis.com/auth/firebase","https://www.googleapis.com/auth/cloud-platform"]
[debug] [2020-09-26T16:25:46.438Z] > authorizing via signed-in user
[debug] [2020-09-26T16:25:46.438Z] [iam] checking project escverif for permissions ["firebase.projects.get"]
[debug] [2020-09-26T16:25:46.440Z] >>> HTTP REQUEST POST https://cloudresourcemanager.googleapis.com/v1/projects/escverif:testIamPermissions  
 {"permissions":["firebase.projects.get"]}
[debug] [2020-09-26T16:25:46.870Z] <<< HTTP RESPONSE 200 {"content-type":"application/json; charset=UTF-8","vary":"X-Origin, Referer, Origin,Accept-Encoding","date":"Sat, 26 Sep 2020 16:25:46 GMT","server":"ESF","cache-control":"private","x-xss-protection":"0","x-frame-options":"SAMEORIGIN","x-content-type-options":"nosniff","server-timing":"gfet4t7; dur=91","alt-svc":"h3-Q050=\":443\"; ma=2592000,h3-29=\":443\"; ma=2592000,h3-27=\":443\"; ma=2592000,h3-T051=\":443\"; ma=2592000,h3-T050=\":443\"; ma=2592000,h3-Q046=\":443\"; ma=2592000,h3-Q043=\":443\"; ma=2592000,quic=\":443\"; ma=2592000; v=\"46,43\"","accept-ranges":"none","transfer-encoding":"chunked"}
[debug] [2020-09-26T16:25:46.879Z] [functions] Using node@10 from host.
[debug] [2020-09-26T16:25:46.881Z] defaultcredentials: writing to file /Users/andrewyoung/.config/firebase/andrewtateyoung_gmail_com_application_default_credentials.json
[debug] [2020-09-26T16:25:46.883Z] DEBUG: Setting GAC to /Users/andrewyoung/.config/firebase/andrewtateyoung_gmail_com_application_default_credentials.json
[debug] [2020-09-26T16:25:46.891Z] [functions] Watching "/Users/andrewyoung/escortverif/functions" for Cloud Functions...
[debug] [2020-09-26T16:25:46.900Z] DEBUG: [worker-pool] addWorker(~diagnostic~)
[debug] [2020-09-26T16:25:46.900Z] DEBUG: [worker-pool] Adding worker with key ~diagnostic~, total=1
[debug] [2020-09-26T16:25:46.900Z] DEBUG: [worker-pool] submitWork(triggerId=)
[debug] [2020-09-26T16:25:46.901Z] DEBUG: [worker-~diagnostic~-b7c7dc37-a911-4545-843c-4ddfad190061]: Assigning socketPath: /var/folders/_0/g68g3n0d28vck1btdhvstc1w0000gn/T/fire_emu_3537.sock
[debug] [2020-09-26T16:25:46.901Z] DEBUG: [worker-~diagnostic~-b7c7dc37-a911-4545-843c-4ddfad190061]: BUSY
[debug] [2020-09-26T16:25:47.199Z] DEBUG: [runtime-status] [3537] Functions runtime initialized. {"cwd":"/Users/andrewyoung/escortverif/functions","node_version":"10.10.0"}
[debug] [2020-09-26T16:25:47.200Z] DEBUG: [runtime-status] [3537] Disabled runtime features: undefined
[debug] [2020-09-26T16:25:47.205Z] DEBUG: [runtime-status] [3537] Resolved module firebase-admin {"declared":true,"installed":true,"version":"9.2.0","resolution":"/Users/andrewyoung/escortverif/functions/node_modules/firebase-admin/lib/index.js"}
[debug] [2020-09-26T16:25:47.207Z] DEBUG: [runtime-status] [3537] Resolved module firebase-functions {"declared":true,"installed":true,"version":"3.11.0","resolution":"/Users/andrewyoung/escortverif/functions/node_modules/firebase-functions/lib/index.js"}
[debug] [2020-09-26T16:25:47.208Z] DEBUG: [runtime-status] [3537] Resolved module firebase-functions {"declared":true,"installed":true,"version":"3.11.0","resolution":"/Users/andrewyoung/escortverif/functions/node_modules/firebase-functions/lib/index.js"}
[debug] [2020-09-26T16:25:47.211Z] DEBUG: [runtime-status] [3537] Outgoing network have been stubbed. [{"name":"http","status":"mocked"},{"name":"http","status":"mocked"},{"name":"https","status":"mocked"},{"name":"https","status":"mocked"},{"name":"net","status":"mocked"}]
[debug] [2020-09-26T16:25:47.211Z] DEBUG: [runtime-status] [3537] Resolved module firebase-functions {"declared":true,"installed":true,"version":"3.11.0","resolution":"/Users/andrewyoung/escortverif/functions/node_modules/firebase-functions/lib/index.js"}
[debug] [2020-09-26T16:25:47.267Z] DEBUG: [runtime-status] [3537] Checked functions.config() {"config":{}}
[debug] [2020-09-26T16:25:47.267Z] DEBUG: [runtime-status] [3537] firebase-functions has been stubbed. {"functionsResolution":{"declared":true,"installed":true,"version":"3.11.0","resolution":"/Users/andrewyoung/escortverif/functions/node_modules/firebase-functions/lib/index.js"}}
[debug] [2020-09-26T16:25:47.267Z] DEBUG: [runtime-status] [3537] Resolved module firebase-functions {"declared":true,"installed":true,"version":"3.11.0","resolution":"/Users/andrewyoung/escortverif/functions/node_modules/firebase-functions/lib/index.js"}
[debug] [2020-09-26T16:25:47.268Z] DEBUG: [runtime-status] [3537] Resolved module firebase-admin {"declared":true,"installed":true,"version":"9.2.0","resolution":"/Users/andrewyoung/escortverif/functions/node_modules/firebase-admin/lib/index.js"}
[debug] [2020-09-26T16:25:47.268Z] DEBUG: [runtime-status] [3537] Resolved module firebase-functions {"declared":true,"installed":true,"version":"3.11.0","resolution":"/Users/andrewyoung/escortverif/functions/node_modules/firebase-functions/lib/index.js"}
[debug] [2020-09-26T16:25:47.269Z] DEBUG: [runtime-status] [3537] firebase-admin has been stubbed. {"adminResolution":{"declared":true,"installed":true,"version":"9.2.0","resolution":"/Users/andrewyoung/escortverif/functions/node_modules/firebase-admin/lib/index.js"}}
[info] >  YIO{{{{{ {"user":"YIO{{{{{","metadata":{"emulator":{"name":"functions"},"message":"\u001b[90m> \u001b[39m YIO{{{{{"}}
[debug] [2020-09-26T16:25:47.466Z] DEBUG: [runtime-status] [3537] initializeApp(DEFAULT) {"credential":{"implicit":false,"projectId":"escverif","privateKey":"-----BEGIN PRIVATE KEY-----\nMIIEvwIBADANBgkqhkiG9w0BAQEFAASCBKkwggSlAgEAAoIBAQDKn8vE9hXjyWTx\npW8kqgkKhAAevxdiQaw0947d/pR26PHSkyZoDL8EauHba3ki3xrcf9mURR7BWY6Z\nEwvRx7jxFbMYJMh1IcOJAJGMeOA0k+Jp3p4U4BRjKgnu7vkL8RN4cHezNVonFfKs\nwmVVz5+CUWEO4mbgM7X9SWyn1aisT5dH9VLSTzWAAuMU9UPaNSQPQjmCXb7d//99\npak7YYcRdJT5Z8CRYBnNRspecHm9OjKEE5PENygdgsIm70CGY4x7tx3C5WdC6qQr\nN+b5Qu5jXnlChOahWk3qmMIvgdrCeZNV2+GWpXR9acHu+3C+o2XSysYqz+DA8aAp\nC1JRFFV9AgMBAAECggEAJd/vRLKUHmdNk17PUuzmsjzA0f55tj/c2uzAW44j/cMm\nuqwPVIk3ZnG9JJjnBIXsHTXXu5+c81rUbRgSkESzNPtPpg5wGvbz+CavTjDlBebz\nvkLizTeij/OydiNc0abfMxbgxRKOtrojSbgvnXXpFMC18gSPYs6/sKf6I7gsJoMH\n5Vyli4qKE45CaUrPT1Ps54y9fN6YZqSzcijZpo+PTSRH2ehOskR82kCnkEtMCMBq\nE9Wt5CffNze6Giec8MtrzVga+E0FM8G7sJg7M0SOOfyJo0X6YEwManIlaxCDAgki\n8W8a3fYfbQRqoIT7WakPvZTQnzO++hAwHC5u4vkSCQKBgQDtjbzakjJ1WBBYkhwN\nLNIxmtc3XEB3FBte6O8cVrYoMuGPktsjXb4pFMIMul8R08zL0n/DM2ADNCg6mg4X\nBu6oQ2AgARsv5Zy5vwjUXfXB4tSTrgmuRsGCnlLhirmH/5jplVD3t1RVQ1dcikcn\njRFGSxDJApcK8vk15Ede9JJf9QKBgQDaW7STr1p0DkHhFVM7bbj028YwUy2che1M\nQc5vWz+BcLApsMDLBJlNSV6fTydeGXNxsOXpQnlxPOc10TsaZBFsJH00zZTgEICG\ngoZltf94wZ5WU34oiLAcgCpbucqNdh+HTmjlg4j+b4lIyo0jGYUDFJckqzSNe3FM\nafuoJITSaQKBgQCt/nzvEtoGfOQsG4iUVdn3H1S3ZciJ755EnBRXC2QMeYgg4w3D\nD6xy5pNjQzbTFfEQ8TNHRF/0uMUmdyQO1bMEZ6UGjAjfwixTGItdER0qT/wn1vec\nQJMIGvLV5AgUhq/3lrhhWFRaxyI708ReQcL/W4gF0vHSwTirsnJcKIL16QKBgQC0\nxnFkRytao6cU4mPK8pbKWNzmiyZazGHd3Sk79c5IqnOdwFCMg10rqA9nUs+jzuxN\ndoeRKtCB2EsOug71VV07K6ZgvcaADglp0svTju5XGeytSWhLxIYQwmbPE6zGmsGV\ncmvTf6c+BjchBVf9dBYzq6tJ11elvknZWnDXDozL6QKBgQCAc3PDUdMxkic7lVJB\nZi3gJ49GX65YsqDVVTbYVodutnLlRsSuHc5TVEUIOtbhDqT4uS4EudNNvJZjYs2e\nlesGOvNbGXmM9QzkPVRV+HIvK30QjC+BafBG6uLl9RkjOyaAfF9HQ5SFelVfMuOS\niJy3KGBFo0O8Kp3NSu1zrzsFPw==\n-----END PRIVATE KEY-----\n","clientEmail":"firebase-adminsdk-4za13@escverif.iam.gserviceaccount.com","httpClient":{"retry":{"maxRetries":4,"statusCodes":[503],"ioErrorCodes":["ECONNRESET","ETIMEDOUT"],"backOffFactor":0.5,"maxDelayInMillis":60000}}},"databaseURL":"https://escverif.firebaseio.com"}
[debug] [2020-09-26T16:25:47.471Z] [functions[test]] http function initialized (http://localhost:5000/escverif/us-central1/test).
[debug] [2020-09-26T16:25:47.471Z] [functions[removeData]] function ignored because the pubsub emulator does not exist or is not running.
[info] i  functions: Loaded functions: test, removeData 
[warn] ⚠  functions: The following emulators are not running, calls to these services will affect production: firestore, database, pubsub 
[debug] [2020-09-26T16:25:47.476Z] DEBUG: [worker-~diagnostic~-b7c7dc37-a911-4545-843c-4ddfad190061]: IDLE
[info] >  events.js:167 {"user":"events.js:167","metadata":{"emulator":{"name":"functions"},"message":"\u001b[90m> \u001b[39m events.js:167"}}
[info] >        throw er; // Unhandled 'error' event {"user":"      throw er; // Unhandled 'error' event","metadata":{"emulator":{"name":"functions"},"message":"\u001b[90m> \u001b[39m       throw er; // Unhandled 'error' event"}}
[info] >        ^ {"user":"      ^","metadata":{"emulator":{"name":"functions"},"message":"\u001b[90m> \u001b[39m       ^"}}
[info] >   {"user":"","metadata":{"emulator":{"name":"functions"},"message":"\u001b[90m> \u001b[39m "}}
[info] >  Error: listen EADDRINUSE :::4242 {"user":"Error: listen EADDRINUSE :::4242","metadata":{"emulator":{"name":"functions"},"message":"\u001b[90m> \u001b[39m Error: listen EADDRINUSE :::4242"}}
[info] >      at Server.setupListenHandle [as _listen2] (net.js:1286:14) {"user":"    at Server.setupListenHandle [as _listen2] (net.js:1286:14)","metadata":{"emulator":{"name":"functions"},"message":"\u001b[90m> \u001b[39m     at Server.setupListenHandle [as _listen2] (net.js:1286:14)"}}
[info] >      at listenInCluster (net.js:1334:12) {"user":"    at listenInCluster (net.js:1334:12)","metadata":{"emulator":{"name":"functions"},"message":"\u001b[90m> \u001b[39m     at listenInCluster (net.js:1334:12)"}}
[info] >      at Server.listen (net.js:1421:7) {"user":"    at Server.listen (net.js:1421:7)","metadata":{"emulator":{"name":"functions"},"message":"\u001b[90m> \u001b[39m     at Server.listen (net.js:1421:7)"}}
[info] >      at Function.listen (/Users/andrewyoung/escortverif/functions/node_modules/express/lib/application.js:618:24) {"user":"    at Function.listen (/Users/andrewyoung/escortverif/functions/node_modules/express/lib/application.js:618:24)","metadata":{"emulator":{"name":"functions"},"message":"\u001b[90m> \u001b[39m     at Function.listen (/Users/andrewyoung/escortverif/functions/node_modules/express/lib/application.js:618:24)"}}
[info] >      at Object.<anonymous> (/Users/andrewyoung/escortverif/functions/index.js:61:5) {"user":"    at Object.<anonymous> (/Users/andrewyoung/escortverif/functions/index.js:61:5)","metadata":{"emulator":{"name":"functions"},"message":"\u001b[90m> \u001b[39m     at Object.<anonymous> (/Users/andrewyoung/escortverif/functions/index.js:61:5)"}}
[info] >      at Module._compile (internal/modules/cjs/loader.js:689:30) {"user":"    at Module._compile (internal/modules/cjs/loader.js:689:30)","metadata":{"emulator":{"name":"functions"},"message":"\u001b[90m> \u001b[39m     at Module._compile (internal/modules/cjs/loader.js:689:30)"}}
[info] >      at Object.Module._extensions..js (internal/modules/cjs/loader.js:700:10) {"user":"    at Object.Module._extensions..js (internal/modules/cjs/loader.js:700:10)","metadata":{"emulator":{"name":"functions"},"message":"\u001b[90m> \u001b[39m     at Object.Module._extensions..js (internal/modules/cjs/loader.js:700:10)"}}
[info] >      at Module.load (internal/modules/cjs/loader.js:599:32) {"user":"    at Module.load (internal/modules/cjs/loader.js:599:32)","metadata":{"emulator":{"name":"functions"},"message":"\u001b[90m> \u001b[39m     at Module.load (internal/modules/cjs/loader.js:599:32)"}}
[info] >      at tryModuleLoad (internal/modules/cjs/loader.js:538:12) {"user":"    at tryModuleLoad (internal/modules/cjs/loader.js:538:12)","metadata":{"emulator":{"name":"functions"},"message":"\u001b[90m> \u001b[39m     at tryModuleLoad (internal/modules/cjs/loader.js:538:12)"}}
[info] >      at Function.Module._load (internal/modules/cjs/loader.js:530:3) {"user":"    at Function.Module._load (internal/modules/cjs/loader.js:530:3)","metadata":{"emulator":{"name":"functions"},"message":"\u001b[90m> \u001b[39m     at Function.Module._load (internal/modules/cjs/loader.js:530:3)"}}
[info] >  Emitted 'error' event at: {"user":"Emitted 'error' event at:","metadata":{"emulator":{"name":"functions"},"message":"\u001b[90m> \u001b[39m Emitted 'error' event at:"}}
[info] >      at emitErrorNT (net.js:1313:8) {"user":"    at emitErrorNT (net.js:1313:8)","metadata":{"emulator":{"name":"functions"},"message":"\u001b[90m> \u001b[39m     at emitErrorNT (net.js:1313:8)"}}
[info] >      at process._tickCallback (internal/process/next_tick.js:63:19) {"user":"    at process._tickCallback (internal/process/next_tick.js:63:19)","metadata":{"emulator":{"name":"functions"},"message":"\u001b[90m> \u001b[39m     at process._tickCallback (internal/process/next_tick.js:63:19)"}}
[debug] [2020-09-26T16:25:47.480Z] DEBUG: [worker-~diagnostic~-b7c7dc37-a911-4545-843c-4ddfad190061]: exited
[debug] [2020-09-26T16:25:47.480Z] DEBUG: [worker-~diagnostic~-b7c7dc37-a911-4545-843c-4ddfad190061]: FINISHED
[debug] [2020-09-26T16:26:08.812Z] ----------------------------------------------------------------------
[debug] [2020-09-26T16:26:08.814Z] Command:       /Users/andrewyoung/.nvm/versions/node/v10.10.0/bin/node /usr/local/bin/firebase functions:shell
[debug] [2020-09-26T16:26:08.814Z] CLI Version:   8.10.0
[debug] [2020-09-26T16:26:08.814Z] Platform:      darwin
[debug] [2020-09-26T16:26:08.814Z] Node Version:  v10.10.0
[debug] [2020-09-26T16:26:08.815Z] Time:          Sat Sep 26 2020 11:26:08 GMT-0500 (Central Daylight Time)
[debug] [2020-09-26T16:26:08.815Z] ----------------------------------------------------------------------
[debug] [2020-09-26T16:26:08.815Z] 
[debug] [2020-09-26T16:26:08.822Z] > command requires scopes: ["email","openid","https://www.googleapis.com/auth/cloudplatformprojects.readonly","https://www.googleapis.com/auth/firebase","https://www.googleapis.com/auth/cloud-platform"]
[debug] [2020-09-26T16:26:08.822Z] > authorizing via signed-in user
[debug] [2020-09-26T16:26:08.822Z] [iam] checking project escverif for permissions ["firebase.projects.get"]
[debug] [2020-09-26T16:26:08.825Z] >>> HTTP REQUEST POST https://cloudresourcemanager.googleapis.com/v1/projects/escverif:testIamPermissions  
 {"permissions":["firebase.projects.get"]}
[debug] [2020-09-26T16:26:09.274Z] <<< HTTP RESPONSE 200 {"content-type":"application/json; charset=UTF-8","vary":"X-Origin, Referer, Origin,Accept-Encoding","date":"Sat, 26 Sep 2020 16:26:09 GMT","server":"ESF","cache-control":"private","x-xss-protection":"0","x-frame-options":"SAMEORIGIN","x-content-type-options":"nosniff","server-timing":"gfet4t7; dur=176","alt-svc":"h3-Q050=\":443\"; ma=2592000,h3-29=\":443\"; ma=2592000,h3-27=\":443\"; ma=2592000,h3-T051=\":443\"; ma=2592000,h3-T050=\":443\"; ma=2592000,h3-Q046=\":443\"; ma=2592000,h3-Q043=\":443\"; ma=2592000,quic=\":443\"; ma=2592000; v=\"46,43\"","accept-ranges":"none","transfer-encoding":"chunked"}
[debug] [2020-09-26T16:26:09.281Z] [functions] Using node@10 from host.
[debug] [2020-09-26T16:26:09.282Z] defaultcredentials: writing to file /Users/andrewyoung/.config/firebase/andrewtateyoung_gmail_com_application_default_credentials.json
[debug] [2020-09-26T16:26:09.283Z] DEBUG: Setting GAC to /Users/andrewyoung/.config/firebase/andrewtateyoung_gmail_com_application_default_credentials.json
[debug] [2020-09-26T16:26:09.293Z] [functions] Watching "/Users/andrewyoung/escortverif/functions" for Cloud Functions...
[debug] [2020-09-26T16:26:09.304Z] DEBUG: [worker-pool] addWorker(~diagnostic~)
[debug] [2020-09-26T16:26:09.304Z] DEBUG: [worker-pool] Adding worker with key ~diagnostic~, total=1
[debug] [2020-09-26T16:26:09.305Z] DEBUG: [worker-pool] submitWork(triggerId=)
[debug] [2020-09-26T16:26:09.305Z] DEBUG: [worker-~diagnostic~-91550083-75c5-4c33-835e-030f0077adcb]: Assigning socketPath: /var/folders/_0/g68g3n0d28vck1btdhvstc1w0000gn/T/fire_emu_3573.sock
[debug] [2020-09-26T16:26:09.306Z] DEBUG: [worker-~diagnostic~-91550083-75c5-4c33-835e-030f0077adcb]: BUSY
[debug] [2020-09-26T16:26:09.631Z] DEBUG: [runtime-status] [3573] Functions runtime initialized. {"cwd":"/Users/andrewyoung/escortverif/functions","node_version":"10.10.0"}
[debug] [2020-09-26T16:26:09.632Z] DEBUG: [runtime-status] [3573] Disabled runtime features: undefined
[debug] [2020-09-26T16:26:09.634Z] DEBUG: [runtime-status] [3573] Resolved module firebase-admin {"declared":true,"installed":true,"version":"9.2.0","resolution":"/Users/andrewyoung/escortverif/functions/node_modules/firebase-admin/lib/index.js"}
[debug] [2020-09-26T16:26:09.635Z] DEBUG: [runtime-status] [3573] Resolved module firebase-functions {"declared":true,"installed":true,"version":"3.11.0","resolution":"/Users/andrewyoung/escortverif/functions/node_modules/firebase-functions/lib/index.js"}
[debug] [2020-09-26T16:26:09.635Z] DEBUG: [runtime-status] [3573] Resolved module firebase-functions {"declared":true,"installed":true,"version":"3.11.0","resolution":"/Users/andrewyoung/escortverif/functions/node_modules/firebase-functions/lib/index.js"}
[debug] [2020-09-26T16:26:09.639Z] DEBUG: [runtime-status] [3573] Outgoing network have been stubbed. [{"name":"http","status":"mocked"},{"name":"http","status":"mocked"},{"name":"https","status":"mocked"},{"name":"https","status":"mocked"},{"name":"net","status":"mocked"}]
[debug] [2020-09-26T16:26:09.639Z] DEBUG: [runtime-status] [3573] Resolved module firebase-functions {"declared":true,"installed":true,"version":"3.11.0","resolution":"/Users/andrewyoung/escortverif/functions/node_modules/firebase-functions/lib/index.js"}
[debug] [2020-09-26T16:26:09.685Z] DEBUG: [runtime-status] [3573] Checked functions.config() {"config":{}}
[debug] [2020-09-26T16:26:09.686Z] DEBUG: [runtime-status] [3573] firebase-functions has been stubbed. {"functionsResolution":{"declared":true,"installed":true,"version":"3.11.0","resolution":"/Users/andrewyoung/escortverif/functions/node_modules/firebase-functions/lib/index.js"}}
[debug] [2020-09-26T16:26:09.686Z] DEBUG: [runtime-status] [3573] Resolved module firebase-functions {"declared":true,"installed":true,"version":"3.11.0","resolution":"/Users/andrewyoung/escortverif/functions/node_modules/firebase-functions/lib/index.js"}
[debug] [2020-09-26T16:26:09.687Z] DEBUG: [runtime-status] [3573] Resolved module firebase-admin {"declared":true,"installed":true,"version":"9.2.0","resolution":"/Users/andrewyoung/escortverif/functions/node_modules/firebase-admin/lib/index.js"}
[debug] [2020-09-26T16:26:09.687Z] DEBUG: [runtime-status] [3573] Resolved module firebase-functions {"declared":true,"installed":true,"version":"3.11.0","resolution":"/Users/andrewyoung/escortverif/functions/node_modules/firebase-functions/lib/index.js"}
[debug] [2020-09-26T16:26:09.687Z] DEBUG: [runtime-status] [3573] firebase-admin has been stubbed. {"adminResolution":{"declared":true,"installed":true,"version":"9.2.0","resolution":"/Users/andrewyoung/escortverif/functions/node_modules/firebase-admin/lib/index.js"}}
[info] >  YIO{{{{{ {"user":"YIO{{{{{","metadata":{"emulator":{"name":"functions"},"message":"\u001b[90m> \u001b[39m YIO{{{{{"}}
[debug] [2020-09-26T16:26:09.854Z] DEBUG: [runtime-status] [3573] initializeApp(DEFAULT) {"credential":{"implicit":false,"projectId":"escverif","privateKey":"-----BEGIN PRIVATE KEY-----\nMIIEvwIBADANBgkqhkiG9w0BAQEFAASCBKkwggSlAgEAAoIBAQDKn8vE9hXjyWTx\npW8kqgkKhAAevxdiQaw0947d/pR26PHSkyZoDL8EauHba3ki3xrcf9mURR7BWY6Z\nEwvRx7jxFbMYJMh1IcOJAJGMeOA0k+Jp3p4U4BRjKgnu7vkL8RN4cHezNVonFfKs\nwmVVz5+CUWEO4mbgM7X9SWyn1aisT5dH9VLSTzWAAuMU9UPaNSQPQjmCXb7d//99\npak7YYcRdJT5Z8CRYBnNRspecHm9OjKEE5PENygdgsIm70CGY4x7tx3C5WdC6qQr\nN+b5Qu5jXnlChOahWk3qmMIvgdrCeZNV2+GWpXR9acHu+3C+o2XSysYqz+DA8aAp\nC1JRFFV9AgMBAAECggEAJd/vRLKUHmdNk17PUuzmsjzA0f55tj/c2uzAW44j/cMm\nuqwPVIk3ZnG9JJjnBIXsHTXXu5+c81rUbRgSkESzNPtPpg5wGvbz+CavTjDlBebz\nvkLizTeij/OydiNc0abfMxbgxRKOtrojSbgvnXXpFMC18gSPYs6/sKf6I7gsJoMH\n5Vyli4qKE45CaUrPT1Ps54y9fN6YZqSzcijZpo+PTSRH2ehOskR82kCnkEtMCMBq\nE9Wt5CffNze6Giec8MtrzVga+E0FM8G7sJg7M0SOOfyJo0X6YEwManIlaxCDAgki\n8W8a3fYfbQRqoIT7WakPvZTQnzO++hAwHC5u4vkSCQKBgQDtjbzakjJ1WBBYkhwN\nLNIxmtc3XEB3FBte6O8cVrYoMuGPktsjXb4pFMIMul8R08zL0n/DM2ADNCg6mg4X\nBu6oQ2AgARsv5Zy5vwjUXfXB4tSTrgmuRsGCnlLhirmH/5jplVD3t1RVQ1dcikcn\njRFGSxDJApcK8vk15Ede9JJf9QKBgQDaW7STr1p0DkHhFVM7bbj028YwUy2che1M\nQc5vWz+BcLApsMDLBJlNSV6fTydeGXNxsOXpQnlxPOc10TsaZBFsJH00zZTgEICG\ngoZltf94wZ5WU34oiLAcgCpbucqNdh+HTmjlg4j+b4lIyo0jGYUDFJckqzSNe3FM\nafuoJITSaQKBgQCt/nzvEtoGfOQsG4iUVdn3H1S3ZciJ755EnBRXC2QMeYgg4w3D\nD6xy5pNjQzbTFfEQ8TNHRF/0uMUmdyQO1bMEZ6UGjAjfwixTGItdER0qT/wn1vec\nQJMIGvLV5AgUhq/3lrhhWFRaxyI708ReQcL/W4gF0vHSwTirsnJcKIL16QKBgQC0\nxnFkRytao6cU4mPK8pbKWNzmiyZazGHd3Sk79c5IqnOdwFCMg10rqA9nUs+jzuxN\ndoeRKtCB2EsOug71VV07K6ZgvcaADglp0svTju5XGeytSWhLxIYQwmbPE6zGmsGV\ncmvTf6c+BjchBVf9dBYzq6tJ11elvknZWnDXDozL6QKBgQCAc3PDUdMxkic7lVJB\nZi3gJ49GX65YsqDVVTbYVodutnLlRsSuHc5TVEUIOtbhDqT4uS4EudNNvJZjYs2e\nlesGOvNbGXmM9QzkPVRV+HIvK30QjC+BafBG6uLl9RkjOyaAfF9HQ5SFelVfMuOS\niJy3KGBFo0O8Kp3NSu1zrzsFPw==\n-----END PRIVATE KEY-----\n","clientEmail":"firebase-adminsdk-4za13@escverif.iam.gserviceaccount.com","httpClient":{"retry":{"maxRetries":4,"statusCodes":[503],"ioErrorCodes":["ECONNRESET","ETIMEDOUT"],"backOffFactor":0.5,"maxDelayInMillis":60000}}},"databaseURL":"https://escverif.firebaseio.com"}
[debug] [2020-09-26T16:26:09.859Z] [functions[test]] http function initialized (http://localhost:5000/escverif/us-central1/test).
[debug] [2020-09-26T16:26:09.859Z] [functions[removeData]] function ignored because the pubsub emulator does not exist or is not running.
[info] i  functions: Loaded functions: test, removeData 
[warn] ⚠  functions: The following emulators are not running, calls to these services will affect production: firestore, database, pubsub 
[debug] [2020-09-26T16:26:09.865Z] DEBUG: [worker-~diagnostic~-91550083-75c5-4c33-835e-030f0077adcb]: IDLE
[info] >  Node server listening on port 4242! {"user":"Node server listening on port 4242!","metadata":{"emulator":{"name":"functions"},"message":"\u001b[90m> \u001b[39m Node server listening on port 4242!"}}
